{
  "RSpec": {
    "coverage": {
      "/home/ror/Project/tracker_air_pollution-optimization-spec/tracker_air_pollution/app/models/air_quality.rb": {
        "lines": [
          1,
          1,
          null,
          1,
          1,
          1,
          null
        ]
      },
      "/home/ror/Project/tracker_air_pollution-optimization-spec/tracker_air_pollution/app/models/application_record.rb": {
        "lines": [
          1,
          1,
          null
        ]
      },
      "/home/ror/Project/tracker_air_pollution-optimization-spec/tracker_air_pollution/spec/models/location_spec.rb": {
        "lines": [
          1,
          null,
          1,
          1,
          1,
          1,
          null,
          null,
          1,
          1,
          1,
          null,
          null,
          1,
          1,
          1,
          null,
          null,
          1,
          1,
          1,
          null,
          null,
          1,
          1,
          1,
          null,
          null,
          1,
          1,
          1,
          null,
          null
        ]
      },
      "/home/ror/Project/tracker_air_pollution-optimization-spec/tracker_air_pollution/app/models/location.rb": {
        "lines": [
          1,
          1,
          null,
          1,
          1,
          1,
          null
        ]
      },
      "/home/ror/Project/tracker_air_pollution-optimization-spec/tracker_air_pollution/spec/requests/api/v1/locations_controller_spec.rb": {
        "lines": [
          1,
          null,
          1,
          1,
          1,
          1,
          1,
          null,
          null,
          1,
          1,
          null,
          1,
          1,
          null,
          null,
          null,
          1,
          3,
          null,
          1,
          1,
          1,
          null,
          null,
          1,
          1,
          1,
          null,
          null,
          null,
          1,
          3,
          null,
          1,
          1,
          1,
          null,
          null,
          1,
          1,
          null,
          1,
          1,
          null,
          null,
          null
        ]
      },
      "/home/ror/Project/tracker_air_pollution-optimization-spec/tracker_air_pollution/app/controllers/api/v1/locations_controller.rb": {
        "lines": [
          1,
          1,
          1,
          1,
          null,
          1,
          1,
          1,
          1,
          1,
          1,
          1,
          1,
          1,
          1,
          2,
          null,
          null,
          null,
          null,
          null,
          1,
          1,
          1,
          1,
          1,
          1,
          1,
          1,
          2,
          null,
          1,
          1,
          null,
          null,
          null,
          null,
          1,
          1,
          1,
          1,
          1,
          1,
          1,
          1,
          1,
          1,
          1,
          2,
          null,
          null,
          1,
          1,
          null,
          null,
          null,
          null,
          1,
          2,
          2,
          null,
          null,
          1,
          2,
          2,
          null,
          null,
          1,
          2,
          2,
          2,
          null,
          null,
          null,
          null
        ]
      },
      "/home/ror/Project/tracker_air_pollution-optimization-spec/tracker_air_pollution/app/controllers/application_controller.rb": {
        "lines": [
          1,
          null
        ]
      },
      "/home/ror/Project/tracker_air_pollution-optimization-spec/tracker_air_pollution/spec/serializers/api/v1/air_quality_serializer_spec.rb": {
        "lines": [
          1,
          null,
          1,
          2,
          null,
          2,
          null,
          1,
          1,
          null,
          null,
          null,
          null,
          null,
          null,
          null,
          null
        ]
      },
      "/home/ror/Project/tracker_air_pollution-optimization-spec/tracker_air_pollution/app/serializers/api/v1/air_quality_serializer.rb": {
        "lines": [
          1,
          1,
          1,
          1,
          null,
          1,
          3,
          null,
          null,
          null,
          null
        ]
      },
      "/home/ror/Project/tracker_air_pollution-optimization-spec/tracker_air_pollution/spec/serializers/api/v1/location_serializer_spec.rb": {
        "lines": [
          1,
          null,
          1,
          2,
          null,
          2,
          null,
          1,
          1,
          null,
          null,
          null,
          null,
          null,
          null,
          null
        ]
      },
      "/home/ror/Project/tracker_air_pollution-optimization-spec/tracker_air_pollution/app/serializers/api/v1/location_serializer.rb": {
        "lines": [
          1,
          1,
          1,
          1,
          null,
          null,
          null
        ]
      },
      "/home/ror/Project/tracker_air_pollution-optimization-spec/tracker_air_pollution/spec/services/import_service_spec.rb": {
        "lines": [
          1,
          null,
          1,
          1,
          5,
          null,
          1,
          4,
          4,
          null,
          null,
          1,
          1,
          null,
          null,
          null,
          null,
          null,
          null,
          null,
          null,
          1,
          1,
          2,
          null,
          null,
          1,
          1,
          null,
          null,
          null,
          null,
          null,
          null,
          null,
          null,
          1,
          1,
          null,
          1,
          1,
          1,
          1,
          null,
          null,
          1,
          1,
          null,
          1,
          1,
          2,
          null,
          null,
          1,
          1,
          null,
          1,
          1,
          2,
          null,
          null,
          null
        ]
      },
      "/home/ror/Project/tracker_air_pollution-optimization-spec/tracker_air_pollution/app/services/import_service.rb": {
        "lines": [
          1,
          1,
          4,
          null,
          null,
          1,
          4,
          null,
          3,
          2,
          null,
          1,
          null,
          null,
          null,
          null,
          1,
          null,
          1,
          null,
          2,
          null,
          null,
          null,
          2,
          null,
          null
        ]
      },
      "/home/ror/Project/tracker_air_pollution-optimization-spec/tracker_air_pollution/spec/services/weather_service_spec.rb": {
        "lines": [
          1,
          1,
          null,
          1,
          1,
          1,
          1,
          1,
          1,
          1,
          null,
          1,
          1,
          null,
          null,
          null,
          null,
          null,
          1,
          1,
          1,
          1,
          1,
          1,
          null,
          1,
          1,
          null,
          null,
          null,
          null,
          null,
          1,
          1,
          1,
          1,
          1,
          1,
          1,
          1,
          null,
          1,
          1,
          null,
          null,
          null,
          null,
          null,
          1,
          2,
          null,
          1,
          1,
          null,
          1,
          11,
          1,
          null,
          null,
          null,
          null,
          null
        ]
      },
      "/home/ror/Project/tracker_air_pollution-optimization-spec/tracker_air_pollution/app/services/weather_service.rb": {
        "lines": [
          1,
          null,
          1,
          1,
          null,
          1,
          null,
          1,
          null,
          1,
          8,
          8,
          8,
          null,
          null,
          1,
          11,
          11,
          11,
          null,
          null,
          1,
          1,
          1,
          1,
          null,
          null,
          1,
          1,
          1,
          1,
          null,
          null,
          1,
          1,
          0,
          null,
          null,
          null,
          1,
          null,
          1,
          13,
          null,
          13,
          null,
          0,
          null,
          0,
          null,
          0,
          null,
          0,
          null,
          0,
          null,
          null,
          null,
          1,
          13,
          null,
          null,
          1,
          11,
          null,
          null,
          1,
          1,
          1,
          null,
          null,
          1,
          1,
          1,
          1,
          null,
          null,
          null,
          1,
          1,
          null,
          1,
          8,
          null,
          null,
          1,
          13,
          null,
          null,
          1,
          11,
          null,
          null
        ]
      }
    },
    "timestamp": 1708349507
  }
}
